================================================================================
AES IP Unified Coverage Collection
================================================================================
Start: Fri 03 Apr 2026 11:53:27 AM CST
Testbench: tb_top.sv (Unified)
DUT: aes_top (All 14 modules)
Testcases: 16
================================================================================

[1/3] Compiling unified testbench...
%Error: /home/CALTERAH/yshen/sandbox/kimi/sandbox/aes/Database/Verification/Env/verilator/tb_top.sv:194:25: syntax error, unexpected IDENTIFIER, expecting "'{"
  194 |             reg [127:0] result;
      |                         ^~~~~~
        ... See the manual at https://verilator.org/verilator_doc.html?v=5.046 for more assistance.
%Error: /home/CALTERAH/yshen/sandbox/kimi/sandbox/aes/Database/Verification/Env/verilator/tb_top.sv:195:24: syntax error, unexpected IDENTIFIER, expecting "'{"
  195 |             reg [31:0] rdata;
      |                        ^~~~~
%Error: /home/CALTERAH/yshen/sandbox/kimi/sandbox/aes/Database/Verification/Env/verilator/tb_top.sv:226:25: syntax error, unexpected IDENTIFIER, expecting "'{"
  226 |             reg [127:0] ct, pt;
      |                         ^~
%Error: /home/CALTERAH/yshen/sandbox/kimi/sandbox/aes/Database/Verification/Env/verilator/tb_top.sv:247:24: syntax error, unexpected IDENTIFIER, expecting "'{"
  247 |             reg [31:0] rdata;
      |                        ^~~~~
%Error: /home/CALTERAH/yshen/sandbox/kimi/sandbox/aes/Database/Verification/Env/verilator/tb_top.sv:264:24: syntax error, unexpected IDENTIFIER, expecting "'{"
  264 |             reg [31:0] rdata;
      |                        ^~~~~
%Error: /home/CALTERAH/yshen/sandbox/kimi/sandbox/aes/Database/Verification/Env/verilator/tb_top.sv:284:25: syntax error, unexpected IDENTIFIER, expecting "'{"
  284 |             reg [127:0] result;
      |                         ^~~~~~
%Error: /home/CALTERAH/yshen/sandbox/kimi/sandbox/aes/Database/Verification/Env/verilator/tb_top.sv:285:24: syntax error, unexpected IDENTIFIER, expecting "'{"
  285 |             reg [31:0] rdata;
      |                        ^~~~~
%Error: /home/CALTERAH/yshen/sandbox/kimi/sandbox/aes/Database/Verification/Env/verilator/tb_top.sv:304:24: syntax error, unexpected IDENTIFIER, expecting "'{"
  304 |             reg [31:0] rdata;
      |                        ^~~~~
%Error: /home/CALTERAH/yshen/sandbox/kimi/sandbox/aes/Database/Verification/Env/verilator/tb_top.sv:323:25: syntax error, unexpected IDENTIFIER, expecting "'{"
  323 |             reg [127:0] ct;
      |                         ^~
%Error: /home/CALTERAH/yshen/sandbox/kimi/sandbox/aes/Database/Verification/Env/verilator/tb_top.sv:343:25: syntax error, unexpected IDENTIFIER, expecting "'{"
  343 |             reg [127:0] ct, pt;
      |                         ^~
%Error: /home/CALTERAH/yshen/sandbox/kimi/sandbox/aes/Database/Verification/Env/verilator/tb_top.sv:363:25: syntax error, unexpected IDENTIFIER, expecting "'{"
  363 |             reg [127:0] ct;
      |                         ^~
%Error: /home/CALTERAH/yshen/sandbox/kimi/sandbox/aes/Database/Verification/Env/verilator/tb_top.sv:382:25: syntax error, unexpected IDENTIFIER, expecting "'{"
  382 |             reg [127:0] ct;
      |                         ^~
%Error: /home/CALTERAH/yshen/sandbox/kimi/sandbox/aes/Database/Verification/Env/verilator/tb_top.sv:399:25: syntax error, unexpected IDENTIFIER, expecting "'{"
  399 |             reg [127:0] ct;
      |                         ^~
%Error: /home/CALTERAH/yshen/sandbox/kimi/sandbox/aes/Database/Verification/Env/verilator/tb_top.sv:416:25: syntax error, unexpected IDENTIFIER, expecting "'{"
  416 |             reg [127:0] ct;
      |                         ^~
%Error: /home/CALTERAH/yshen/sandbox/kimi/sandbox/aes/Database/Verification/Env/verilator/tb_top.sv:433:25: syntax error, unexpected IDENTIFIER, expecting "'{"
  433 |             reg [127:0] ct;
      |                         ^~
%Error: /home/CALTERAH/yshen/sandbox/kimi/sandbox/aes/Database/Verification/Env/verilator/tb_top.sv:450:25: syntax error, unexpected IDENTIFIER, expecting "'{"
  450 |             reg [127:0] ct;
      |                         ^~
%Error: /home/CALTERAH/yshen/sandbox/kimi/sandbox/aes/Database/Verification/Env/verilator/tb_top.sv:470:25: syntax error, unexpected IDENTIFIER, expecting "'{"
  470 |             reg [127:0] ct;
      |                         ^~
%Error: /home/CALTERAH/yshen/sandbox/kimi/sandbox/aes/Database/Verification/Env/verilator/tb_top.sv:487:25: syntax error, unexpected IDENTIFIER, expecting "'{"
  487 |             reg [127:0] ct;
      |                         ^~
%Error: Exiting due to 18 error(s)
[ERROR] Compilation failed!
