
========================================
AES IP Verification Environment Loaded
========================================
Project: /home/CALTERAH/yshen/sandbox/kimi/sandbox/aes
RTL: 14 modules
Tests: 65 testcases

Quick Commands:
  aes_info          - Show project info
  aes_regression    - Run regression (fast/full/coverage)
  aes_coverage      - Collect coverage
  aes_report        - Generate reports
  aes_view_coverage - Open HTML report
  aes_full_flow     - Run complete verification flow

Navigation:
  rtl, verif, tc, scripts, idr, temp
========================================
========================================
AES IP Full Regression - 65 Testcases
========================================
Start: Fri 03 Apr 2026 11:25:14 AM CST

Total testcases: 65

----------------------------------------
[1/65] Running: tc_aes128_only
----------------------------------------
  [PASS] Simulation completed
  [COVERAGE] /home/CALTERAH/yshen/sandbox/kimi/sandbox/aes/Temp/Verilator/coverage_all/tc_aes128_only.dat
----------------------------------------
[2/65] Running: tc_aes_core_direct
----------------------------------------
  [PASS] Simulation completed
  [COVERAGE] /home/CALTERAH/yshen/sandbox/kimi/sandbox/aes/Temp/Verilator/coverage_all/tc_aes_core_direct.dat
----------------------------------------
[3/65] Running: tc_apb_interface_full
----------------------------------------
  [PASS] Simulation completed
  [COVERAGE] /home/CALTERAH/yshen/sandbox/kimi/sandbox/aes/Temp/Verilator/coverage_all/tc_apb_interface_full.dat
----------------------------------------
[4/65] Running: tc_axi_stream_flow
----------------------------------------
  [PASS] Simulation completed
  [COVERAGE] /home/CALTERAH/yshen/sandbox/kimi/sandbox/aes/Temp/Verilator/coverage_all/tc_axi_stream_flow.dat
----------------------------------------
[5/65] Running: tc_boundary_conditions
----------------------------------------
  [PASS] Simulation completed
  [COVERAGE] /home/CALTERAH/yshen/sandbox/kimi/sandbox/aes/Temp/Verilator/coverage_all/tc_boundary_conditions.dat
----------------------------------------
[6/65] Running: tc_cbc_decrypt
----------------------------------------
  [PASS] Simulation completed
  [COVERAGE] /home/CALTERAH/yshen/sandbox/kimi/sandbox/aes/Temp/Verilator/coverage_all/tc_cbc_decrypt.dat
----------------------------------------
[7/65] Running: tc_cbc_multiblock
----------------------------------------
  [PASS] Simulation completed
  [COVERAGE] /home/CALTERAH/yshen/sandbox/kimi/sandbox/aes/Temp/Verilator/coverage_all/tc_cbc_multiblock.dat
----------------------------------------
[8/65] Running: tc_cbc_nist
----------------------------------------
  [PASS] Simulation completed
  [COVERAGE] /home/CALTERAH/yshen/sandbox/kimi/sandbox/aes/Temp/Verilator/coverage_all/tc_cbc_nist.dat
----------------------------------------
[9/65] Running: tc_corner_cases
----------------------------------------
  [PASS] Simulation completed
  [COVERAGE] /home/CALTERAH/yshen/sandbox/kimi/sandbox/aes/Temp/Verilator/coverage_all/tc_corner_cases.dat
----------------------------------------
[10/65] Running: tc_ctr_counter
----------------------------------------
  [PASS] Simulation completed
  [COVERAGE] /home/CALTERAH/yshen/sandbox/kimi/sandbox/aes/Temp/Verilator/coverage_all/tc_ctr_counter.dat
----------------------------------------
[11/65] Running: tc_ctr_multiblock
----------------------------------------
  [PASS] Simulation completed
  [COVERAGE] /home/CALTERAH/yshen/sandbox/kimi/sandbox/aes/Temp/Verilator/coverage_all/tc_ctr_multiblock.dat
----------------------------------------
[12/65] Running: tc_ctr_nist
----------------------------------------
  [PASS] Simulation completed
  [COVERAGE] /home/CALTERAH/yshen/sandbox/kimi/sandbox/aes/Temp/Verilator/coverage_all/tc_ctr_nist.dat
----------------------------------------
[13/65] Running: tc_cts_boundary
----------------------------------------
  [PASS] Simulation completed
  [COVERAGE] /home/CALTERAH/yshen/sandbox/kimi/sandbox/aes/Temp/Verilator/coverage_all/tc_cts_boundary.dat
----------------------------------------
[14/65] Running: tc_cts_decrypt_full
----------------------------------------
  [PASS] Simulation completed
  [COVERAGE] /home/CALTERAH/yshen/sandbox/kimi/sandbox/aes/Temp/Verilator/coverage_all/tc_cts_decrypt_full.dat
----------------------------------------
[15/65] Running: tc_cts_full_boundary
----------------------------------------
  [PASS] Simulation completed
  [COVERAGE] /home/CALTERAH/yshen/sandbox/kimi/sandbox/aes/Temp/Verilator/coverage_all/tc_cts_full_boundary.dat
----------------------------------------
[16/65] Running: tc_ecb_multiblock
----------------------------------------
  [PASS] Simulation completed
  [COVERAGE] /home/CALTERAH/yshen/sandbox/kimi/sandbox/aes/Temp/Verilator/coverage_all/tc_ecb_multiblock.dat
----------------------------------------
[17/65] Running: tc_ecb_nist
----------------------------------------
  [PASS] Simulation completed
  [COVERAGE] /home/CALTERAH/yshen/sandbox/kimi/sandbox/aes/Temp/Verilator/coverage_all/tc_ecb_nist.dat
----------------------------------------
[18/65] Running: tc_error_handling
----------------------------------------
  [PASS] Simulation completed
  [COVERAGE] /home/CALTERAH/yshen/sandbox/kimi/sandbox/aes/Temp/Verilator/coverage_all/tc_error_handling.dat
----------------------------------------
[19/65] Running: tc_error_injection_full
----------------------------------------
  [PASS] Simulation completed
  [COVERAGE] /home/CALTERAH/yshen/sandbox/kimi/sandbox/aes/Temp/Verilator/coverage_all/tc_error_injection_full.dat
----------------------------------------
[20/65] Running: tc_error_interrupt
----------------------------------------
  [PASS] Simulation completed
  [COVERAGE] /home/CALTERAH/yshen/sandbox/kimi/sandbox/aes/Temp/Verilator/coverage_all/tc_error_interrupt.dat
----------------------------------------
[21/65] Running: tc_error_mode_invalid
----------------------------------------
  [PASS] Simulation completed
  [COVERAGE] /home/CALTERAH/yshen/sandbox/kimi/sandbox/aes/Temp/Verilator/coverage_all/tc_error_mode_invalid.dat
----------------------------------------
[22/65] Running: tc_error_rapid_start
----------------------------------------
  [PASS] Simulation completed
  [COVERAGE] /home/CALTERAH/yshen/sandbox/kimi/sandbox/aes/Temp/Verilator/coverage_all/tc_error_rapid_start.dat
----------------------------------------
[23/65] Running: tc_error_readonly
----------------------------------------
  [PASS] Simulation completed
  [COVERAGE] /home/CALTERAH/yshen/sandbox/kimi/sandbox/aes/Temp/Verilator/coverage_all/tc_error_readonly.dat
----------------------------------------
[24/65] Running: tc_error_recovery
----------------------------------------
  [PASS] Simulation completed
  [COVERAGE] /home/CALTERAH/yshen/sandbox/kimi/sandbox/aes/Temp/Verilator/coverage_all/tc_error_recovery.dat
----------------------------------------
[25/65] Running: tc_error_reserved_sampled
----------------------------------------
  [PASS] Simulation completed
  [COVERAGE] /home/CALTERAH/yshen/sandbox/kimi/sandbox/aes/Temp/Verilator/coverage_all/tc_error_reserved_sampled.dat
----------------------------------------
[26/65] Running: tc_fault_data_corr
----------------------------------------
  [PASS] Simulation completed
  [COVERAGE] /home/CALTERAH/yshen/sandbox/kimi/sandbox/aes/Temp/Verilator/coverage_all/tc_fault_data_corr.dat
----------------------------------------
[27/65] Running: tc_fault_injection_full
----------------------------------------
  [PASS] Simulation completed
  [COVERAGE] /home/CALTERAH/yshen/sandbox/kimi/sandbox/aes/Temp/Verilator/coverage_all/tc_fault_injection_full.dat
----------------------------------------
[28/65] Running: tc_fault_inject
----------------------------------------
  [PASS] Simulation completed
  [COVERAGE] /home/CALTERAH/yshen/sandbox/kimi/sandbox/aes/Temp/Verilator/coverage_all/tc_fault_inject.dat
----------------------------------------
[29/65] Running: tc_gcm_advanced
----------------------------------------
  [PASS] Simulation completed
  [COVERAGE] /home/CALTERAH/yshen/sandbox/kimi/sandbox/aes/Temp/Verilator/coverage_all/tc_gcm_advanced.dat
----------------------------------------
[30/65] Running: tc_gcm_basic
----------------------------------------
  [PASS] Simulation completed
  [COVERAGE] /home/CALTERAH/yshen/sandbox/kimi/sandbox/aes/Temp/Verilator/coverage_all/tc_gcm_basic.dat
----------------------------------------
[31/65] Running: tc_gcm_ghash_full
----------------------------------------
  [PASS] Simulation completed
  [COVERAGE] /home/CALTERAH/yshen/sandbox/kimi/sandbox/aes/Temp/Verilator/coverage_all/tc_gcm_ghash_full.dat
----------------------------------------
[32/65] Running: tc_interrupt_all
----------------------------------------
  [PASS] Simulation completed
  [COVERAGE] /home/CALTERAH/yshen/sandbox/kimi/sandbox/aes/Temp/Verilator/coverage_all/tc_interrupt_all.dat
----------------------------------------
[33/65] Running: tc_key_len_error
----------------------------------------
  [PASS] Simulation completed
  [COVERAGE] /home/CALTERAH/yshen/sandbox/kimi/sandbox/aes/Temp/Verilator/coverage_all/tc_key_len_error.dat
----------------------------------------
[34/65] Running: tc_key_length_192_0
----------------------------------------
  [PASS] Simulation completed
  [COVERAGE] /home/CALTERAH/yshen/sandbox/kimi/sandbox/aes/Temp/Verilator/coverage_all/tc_key_length_192_0.dat
----------------------------------------
[35/65] Running: tc_key_length_192_1
----------------------------------------
  [PASS] Simulation completed
  [COVERAGE] /home/CALTERAH/yshen/sandbox/kimi/sandbox/aes/Temp/Verilator/coverage_all/tc_key_length_192_1.dat
----------------------------------------
[36/65] Running: tc_key_length_192_2
----------------------------------------
  [PASS] Simulation completed
  [COVERAGE] /home/CALTERAH/yshen/sandbox/kimi/sandbox/aes/Temp/Verilator/coverage_all/tc_key_length_192_2.dat
----------------------------------------
[37/65] Running: tc_key_length_256_0
----------------------------------------
  [PASS] Simulation completed
  [COVERAGE] /home/CALTERAH/yshen/sandbox/kimi/sandbox/aes/Temp/Verilator/coverage_all/tc_key_length_256_0.dat
----------------------------------------
[38/65] Running: tc_key_length_256_1
----------------------------------------
  [PASS] Simulation completed
  [COVERAGE] /home/CALTERAH/yshen/sandbox/kimi/sandbox/aes/Temp/Verilator/coverage_all/tc_key_length_256_1.dat
----------------------------------------
[39/65] Running: tc_key_length_256_2
----------------------------------------
  [PASS] Simulation completed
  [COVERAGE] /home/CALTERAH/yshen/sandbox/kimi/sandbox/aes/Temp/Verilator/coverage_all/tc_key_length_256_2.dat
----------------------------------------
[40/65] Running: tc_key_length
----------------------------------------
  [PASS] Simulation completed
  [COVERAGE] /home/CALTERAH/yshen/sandbox/kimi/sandbox/aes/Temp/Verilator/coverage_all/tc_key_length.dat
----------------------------------------
[41/65] Running: tc_key_schedule_simple
----------------------------------------
  [PASS] Simulation completed
  [COVERAGE] /home/CALTERAH/yshen/sandbox/kimi/sandbox/aes/Temp/Verilator/coverage_all/tc_key_schedule_simple.dat
----------------------------------------
[42/65] Running: tc_key_schedule_timing
----------------------------------------
  [PASS] Simulation completed
  [COVERAGE] /home/CALTERAH/yshen/sandbox/kimi/sandbox/aes/Temp/Verilator/coverage_all/tc_key_schedule_timing.dat
----------------------------------------
[43/65] Running: tc_key_single
----------------------------------------
  [PASS] Simulation completed
  [COVERAGE] /home/CALTERAH/yshen/sandbox/kimi/sandbox/aes/Temp/Verilator/coverage_all/tc_key_single.dat
----------------------------------------
[44/65] Running: tc_mode_controller_full
----------------------------------------
  [PASS] Simulation completed
  [COVERAGE] /home/CALTERAH/yshen/sandbox/kimi/sandbox/aes/Temp/Verilator/coverage_all/tc_mode_controller_full.dat
----------------------------------------
[45/65] Running: tc_random_data
----------------------------------------
  [PASS] Simulation completed
  [COVERAGE] /home/CALTERAH/yshen/sandbox/kimi/sandbox/aes/Temp/Verilator/coverage_all/tc_random_data.dat
----------------------------------------
[46/65] Running: tc_random_errors
----------------------------------------
  [PASS] Simulation completed
  [COVERAGE] /home/CALTERAH/yshen/sandbox/kimi/sandbox/aes/Temp/Verilator/coverage_all/tc_random_errors.dat
----------------------------------------
[47/65] Running: tc_random_keys
----------------------------------------
  [PASS] Simulation completed
  [COVERAGE] /home/CALTERAH/yshen/sandbox/kimi/sandbox/aes/Temp/Verilator/coverage_all/tc_random_keys.dat
----------------------------------------
[48/65] Running: tc_random_modes
----------------------------------------
  [PASS] Simulation completed
  [COVERAGE] /home/CALTERAH/yshen/sandbox/kimi/sandbox/aes/Temp/Verilator/coverage_all/tc_random_modes.dat
----------------------------------------
[49/65] Running: tc_register_full
----------------------------------------
  [PASS] Simulation completed
  [COVERAGE] /home/CALTERAH/yshen/sandbox/kimi/sandbox/aes/Temp/Verilator/coverage_all/tc_register_full.dat
----------------------------------------
[50/65] Running: tc_reset_error_coverage
----------------------------------------
  [PASS] Simulation completed
  [COVERAGE] /home/CALTERAH/yshen/sandbox/kimi/sandbox/aes/Temp/Verilator/coverage_all/tc_reset_error_coverage.dat
----------------------------------------
[51/65] Running: tc_safety_crc_error
----------------------------------------
  [PASS] Simulation completed
  [COVERAGE] /home/CALTERAH/yshen/sandbox/kimi/sandbox/aes/Temp/Verilator/coverage_all/tc_safety_crc_error.dat
----------------------------------------
[52/65] Running: tc_safety_dual_rail
----------------------------------------
  [PASS] Simulation completed
  [COVERAGE] /home/CALTERAH/yshen/sandbox/kimi/sandbox/aes/Temp/Verilator/coverage_all/tc_safety_dual_rail.dat
----------------------------------------
[53/65] Running: tc_safety_fsm_timeout
----------------------------------------
  [PASS] Simulation completed
  [COVERAGE] /home/CALTERAH/yshen/sandbox/kimi/sandbox/aes/Temp/Verilator/coverage_all/tc_safety_fsm_timeout.dat
----------------------------------------
[54/65] Running: tc_safety_interrupt
----------------------------------------
  [PASS] Simulation completed
  [COVERAGE] /home/CALTERAH/yshen/sandbox/kimi/sandbox/aes/Temp/Verilator/coverage_all/tc_safety_interrupt.dat
----------------------------------------
[55/65] Running: tc_safety_key_zeroize
----------------------------------------
  [PASS] Simulation completed
  [COVERAGE] /home/CALTERAH/yshen/sandbox/kimi/sandbox/aes/Temp/Verilator/coverage_all/tc_safety_key_zeroize.dat
----------------------------------------
[56/65] Running: tc_safety_mechanisms_full
----------------------------------------
  [PASS] Simulation completed
  [COVERAGE] /home/CALTERAH/yshen/sandbox/kimi/sandbox/aes/Temp/Verilator/coverage_all/tc_safety_mechanisms_full.dat
----------------------------------------
[57/65] Running: tc_sbox_masked_full
----------------------------------------
  [PASS] Simulation completed
  [COVERAGE] /home/CALTERAH/yshen/sandbox/kimi/sandbox/aes/Temp/Verilator/coverage_all/tc_sbox_masked_full.dat
----------------------------------------
[58/65] Running: tc_sbox_masked
----------------------------------------
  [PASS] Simulation completed
  [COVERAGE] /home/CALTERAH/yshen/sandbox/kimi/sandbox/aes/Temp/Verilator/coverage_all/tc_sbox_masked.dat
----------------------------------------
[59/65] Running: tc_smoke
----------------------------------------
  [PASS] Simulation completed
  [COVERAGE] /home/CALTERAH/yshen/sandbox/kimi/sandbox/aes/Temp/Verilator/coverage_all/tc_smoke.dat
----------------------------------------
[60/65] Running: tc_stress_random_full
----------------------------------------
  [PASS] Simulation completed
  [COVERAGE] /home/CALTERAH/yshen/sandbox/kimi/sandbox/aes/Temp/Verilator/coverage_all/tc_stress_random_full.dat
----------------------------------------
[61/65] Running: tc_stress_random
----------------------------------------
  [PASS] Simulation completed
  [COVERAGE] /home/CALTERAH/yshen/sandbox/kimi/sandbox/aes/Temp/Verilator/coverage_all/tc_stress_random.dat
----------------------------------------
[62/65] Running: tc_toggle_coverage
----------------------------------------
  [PASS] Simulation completed
  [COVERAGE] /home/CALTERAH/yshen/sandbox/kimi/sandbox/aes/Temp/Verilator/coverage_all/tc_toggle_coverage.dat
----------------------------------------
[63/65] Running: tc_xts_basic
----------------------------------------
  [PASS] Simulation completed
  [COVERAGE] /home/CALTERAH/yshen/sandbox/kimi/sandbox/aes/Temp/Verilator/coverage_all/tc_xts_basic.dat
----------------------------------------
[64/65] Running: tc_xts_multi_sector
----------------------------------------
  [PASS] Simulation completed
  [COVERAGE] /home/CALTERAH/yshen/sandbox/kimi/sandbox/aes/Temp/Verilator/coverage_all/tc_xts_multi_sector.dat
----------------------------------------
[65/65] Running: tc_xts_tweak_full
----------------------------------------
  [PASS] Simulation completed
  [COVERAGE] /home/CALTERAH/yshen/sandbox/kimi/sandbox/aes/Temp/Verilator/coverage_all/tc_xts_tweak_full.dat

========================================
Regression Complete
========================================
End: Fri 03 Apr 2026 11:25:45 AM CST
Total:  65
Pass:   65
Fail:   0

Merging coverage data...
Reading data file merged.info
Found 8 entries.
Found common filename prefix "/home/CALTERAH/yshen/sandbox/kimi/sandbox/aes/Database"
Writing .css and .png files.
Generating output.
Processing file RTL/aes_controller.v
Processing file RTL/crc_checker.v
Processing file RTL/aes_core.v
Processing file RTL/key_schedule.v
Processing file RTL/aes_top.v
Processing file RTL/key_manager.v
Processing file RTL/fault_detector.v
Processing file Verification/Env/verilator/tb_coverage.sv
Writing directory view page.
Overall coverage rate:
  lines......: 36.5% (404 of 1106 lines)
  functions..: no data found
HTML report: /home/CALTERAH/yshen/sandbox/kimi/sandbox/aes/ProjectMgmt/Reviews/IDR/html/index.html

Coverage data: /home/CALTERAH/yshen/sandbox/kimi/sandbox/aes/Temp/Verilator/coverage_all
Logs: /home/CALTERAH/yshen/sandbox/kimi/sandbox/aes/Temp/Verilator/logs
