========================================
AES IP Coverage Collection (verilator)
Tests: 65
Output: /home/CALTERAH/yshen/sandbox/kimi/sandbox/aes/Database/Verification/../../Temp/Coverage
========================================
[ 1/65] tc_aes128_only                 [tc_aes128_only] Compiling with Verilator...
[0;31m  Compile failed[0m
[ 2/65] tc_aes_core_direct             [tc_aes_core_direct] Compiling with Verilator...
[0;31m  Compile failed[0m
[ 3/65] tc_apb_interface_full          [tc_apb_interface_full] Compiling with Verilator...
[0;31m  Compile failed[0m
[ 4/65] tc_axi_stream_flow             [tc_axi_stream_flow] Compiling with Verilator...
[0;31m  Compile failed[0m
[ 5/65] tc_boundary_conditions         [tc_boundary_conditions] Compiling with Verilator...
[0;31m  Compile failed[0m
[ 6/65] tc_cbc_decrypt                 [tc_cbc_decrypt] Compiling with Verilator...
[0;31m  Compile failed[0m
[ 7/65] tc_cbc_multiblock              [tc_cbc_multiblock] Compiling with Verilator...
[0;31m  Compile failed[0m
[ 8/65] tc_cbc_nist                    [tc_cbc_nist] Compiling with Verilator...
[0;31m  Compile failed[0m
[ 9/65] tc_corner_cases                [tc_corner_cases] Compiling with Verilator...
[0;31m  Compile failed[0m
[10/65] tc_ctr_counter                 [tc_ctr_counter] Compiling with Verilator...
[0;31m  Compile failed[0m
[11/65] tc_ctr_multiblock              [tc_ctr_multiblock] Compiling with Verilator...
[0;31m  Compile failed[0m
[12/65] tc_ctr_nist                    [tc_ctr_nist] Compiling with Verilator...
[0;31m  Compile failed[0m
[13/65] tc_cts_boundary                [tc_cts_boundary] Compiling with Verilator...
[0;31m  Compile failed[0m
[14/65] tc_cts_decrypt_full            [tc_cts_decrypt_full] Compiling with Verilator...
[0;31m  Compile failed[0m
[15/65] tc_cts_full_boundary           [tc_cts_full_boundary] Compiling with Verilator...
[0;31m  Compile failed[0m
[16/65] tc_ecb_multiblock              [tc_ecb_multiblock] Compiling with Verilator...
[0;31m  Compile failed[0m
[17/65] tc_ecb_nist                    [tc_ecb_nist] Compiling with Verilator...
[0;31m  Compile failed[0m
[18/65] tc_error_handling              [tc_error_handling] Compiling with Verilator...
[0;31m  Compile failed[0m
[19/65] tc_error_injection_full        [tc_error_injection_full] Compiling with Verilator...
[0;31m  Compile failed[0m
[20/65] tc_error_interrupt             [tc_error_interrupt] Compiling with Verilator...
[0;31m  Compile failed[0m
[21/65] tc_error_mode_invalid          [tc_error_mode_invalid] Compiling with Verilator...
[0;31m  Compile failed[0m
[22/65] tc_error_rapid_start           [tc_error_rapid_start] Compiling with Verilator...
[0;31m  Compile failed[0m
[23/65] tc_error_readonly              [tc_error_readonly] Compiling with Verilator...
[0;31m  Compile failed[0m
[24/65] tc_error_recovery              [tc_error_recovery] Compiling with Verilator...
[0;31m  Compile failed[0m
[25/65] tc_error_reserved_sampled      [tc_error_reserved_sampled] Compiling with Verilator...
[0;31m  Compile failed[0m
[26/65] tc_fault_data_corr             [tc_fault_data_corr] Compiling with Verilator...
[0;31m  Compile failed[0m
[27/65] tc_fault_injection_full        [tc_fault_injection_full] Compiling with Verilator...
[0;31m  Compile failed[0m
[28/65] tc_fault_inject                [tc_fault_inject] Compiling with Verilator...
[0;31m  Compile failed[0m
[29/65] tc_gcm_advanced                [tc_gcm_advanced] Compiling with Verilator...
[0;31m  Compile failed[0m
[30/65] tc_gcm_basic                   [tc_gcm_basic] Compiling with Verilator...
[0;31m  Compile failed[0m
[31/65] tc_gcm_ghash_full              [tc_gcm_ghash_full] Compiling with Verilator...
[0;31m  Compile failed[0m
[32/65] tc_interrupt_all               [tc_interrupt_all] Compiling with Verilator...
[0;31m  Compile failed[0m
[33/65] tc_key_len_error               [tc_key_len_error] Compiling with Verilator...
[0;31m  Compile failed[0m
[34/65] tc_key_length_192_0            [tc_key_length_192_0] Compiling with Verilator...
[0;31m  Compile failed[0m
[35/65] tc_key_length_192_1            [tc_key_length_192_1] Compiling with Verilator...
[0;31m  Compile failed[0m
[36/65] tc_key_length_192_2            [tc_key_length_192_2] Compiling with Verilator...
[0;31m  Compile failed[0m
[37/65] tc_key_length_256_0            [tc_key_length_256_0] Compiling with Verilator...
[0;31m  Compile failed[0m
[38/65] tc_key_length_256_1            [tc_key_length_256_1] Compiling with Verilator...
[0;31m  Compile failed[0m
[39/65] tc_key_length_256_2            [tc_key_length_256_2] Compiling with Verilator...
[0;31m  Compile failed[0m
[40/65] tc_key_length                  [tc_key_length] Compiling with Verilator...
[0;31m  Compile failed[0m
[41/65] tc_key_schedule_simple         [tc_key_schedule_simple] Compiling with Verilator...
[0;31m  Compile failed[0m
[42/65] tc_key_schedule_timing         [tc_key_schedule_timing] Compiling with Verilator...
[0;31m  Compile failed[0m
[43/65] tc_key_single                  [tc_key_single] Compiling with Verilator...
[0;31m  Compile failed[0m
[44/65] tc_mode_controller_full        [tc_mode_controller_full] Compiling with Verilator...
[0;31m  Compile failed[0m
[45/65] tc_random_data                 [tc_random_data] Compiling with Verilator...
[0;31m  Compile failed[0m
[46/65] tc_random_errors               [tc_random_errors] Compiling with Verilator...
[0;31m  Compile failed[0m
[47/65] tc_random_keys                 [tc_random_keys] Compiling with Verilator...
[0;31m  Compile failed[0m
[48/65] tc_random_modes                [tc_random_modes] Compiling with Verilator...
[0;31m  Compile failed[0m
[49/65] tc_register_full               [tc_register_full] Compiling with Verilator...
[0;31m  Compile failed[0m
[50/65] tc_reset_error_coverage        [tc_reset_error_coverage] Compiling with Verilator...
[0;31m  Compile failed[0m
[51/65] tc_safety_crc_error            [tc_safety_crc_error] Compiling with Verilator...
[0;31m  Compile failed[0m
[52/65] tc_safety_dual_rail            [tc_safety_dual_rail] Compiling with Verilator...
[0;31m  Compile failed[0m
[53/65] tc_safety_fsm_timeout          [tc_safety_fsm_timeout] Compiling with Verilator...
[0;31m  Compile failed[0m
[54/65] tc_safety_interrupt            [tc_safety_interrupt] Compiling with Verilator...
[0;31m  Compile failed[0m
[55/65] tc_safety_key_zeroize          [tc_safety_key_zeroize] Compiling with Verilator...
[0;31m  Compile failed[0m
[56/65] tc_safety_mechanisms_full      [tc_safety_mechanisms_full] Compiling with Verilator...
[0;31m  Compile failed[0m
[57/65] tc_sbox_masked_full            [tc_sbox_masked_full] Compiling with Verilator...
[0;31m  Compile failed[0m
[58/65] tc_sbox_masked                 [tc_sbox_masked] Compiling with Verilator...
[0;31m  Compile failed[0m
[59/65] tc_smoke                       [tc_smoke] Compiling with Verilator...
[0;31m  Compile failed[0m
[60/65] tc_stress_random_full          [tc_stress_random_full] Compiling with Verilator...
[0;31m  Compile failed[0m
[61/65] tc_stress_random               [tc_stress_random] Compiling with Verilator...
[0;31m  Compile failed[0m
[62/65] tc_toggle_coverage             [tc_toggle_coverage] Compiling with Verilator...
[0;31m  Compile failed[0m
[63/65] tc_xts_basic                   [tc_xts_basic] Compiling with Verilator...
[0;31m  Compile failed[0m
[64/65] tc_xts_multi_sector            [tc_xts_multi_sector] Compiling with Verilator...
[0;31m  Compile failed[0m
[65/65] tc_xts_tweak_full              [tc_xts_tweak_full] Compiling with Verilator...
[0;31m  Compile failed[0m

========================================
Merging Coverage Data
========================================
[1;33mNo coverage files to merge[0m

========================================
Coverage Collection Complete
========================================
Total:  65
[0;32mPass:   0[0m
[0;31mFail:   65[0m
